# JRE version: OpenJDK Runtime Environment (8.0_202) (build 1.8.0_202-release-1483-b49-5587405)
# Java VM: OpenJDK 64-Bit Server VM (25.202-b49-5587405 mixed mode linux-amd64 compressed oops)
Heap:
 PSYoungGen      total 376320K, used 46064K [0x00000000e0000000, 0x00000000f9c80000, 0x0000000100000000)
  eden space 330240K, 0% used [0x00000000e0000000,0x00000000e0000000,0x00000000f4280000)
  from space 46080K, 99% used [0x00000000f4280000,0x00000000f6f7c350,0x00000000f6f80000)
  to   space 37376K, 0% used [0x00000000f7800000,0x00000000f7800000,0x00000000f9c80000)
 ParOldGen       total 170496K, used 123309K [0x00000000a0000000, 0x00000000aa680000, 0x00000000e0000000)
  object space 170496K, 72% used [0x00000000a0000000,0x00000000a786b7d8,0x00000000aa680000)
 Metaspace       used 86581K, capacity 89808K, committed 89944K, reserved 1128448K
  class space    used 11162K, capacity 11805K, committed 11904K, reserved 1048576K
GC Heap History (10 events):
Event: 2631.122 GC heap after
Heap after GC invocations=24 (full 4):
 PSYoungGen      total 295936K, used 4777K [0x00000000e0000000, 0x00000000f5280000, 0x0000000100000000)
  eden space 248320K, 0% used [0x00000000e0000000,0x00000000e0000000,0x00000000ef280000)
  from space 47616K, 10% used [0x00000000f2000000,0x00000000f24aa4f8,0x00000000f4e80000)
  to   space 46592K, 0% used [0x00000000ef280000,0x00000000ef280000,0x00000000f2000000)
 ParOldGen       total 170496K, used 95716K [0x00000000a0000000, 0x00000000aa680000, 0x00000000e0000000)
  object space 170496K, 56% used [0x00000000a0000000,0x00000000a5d79168,0x00000000aa680000)
 Metaspace       used 83988K, capacity 86812K, committed 87128K, reserved 1124352K
  class space    used 10967K, capacity 11565K, committed 11648K, reserved 1048576K
}
Event: 3195.021 GC heap before
{Heap before GC invocations=25 (full 4):
 PSYoungGen      total 295936K, used 253097K [0x00000000e0000000, 0x00000000f5280000, 0x0000000100000000)
  eden space 248320K, 100% used [0x00000000e0000000,0x00000000ef280000,0x00000000ef280000)
  from space 47616K, 10% used [0x00000000f2000000,0x00000000f24aa4f8,0x00000000f4e80000)
  to   space 46592K, 0% used [0x00000000ef280000,0x00000000ef280000,0x00000000f2000000)
 ParOldGen       total 170496K, used 95716K [0x00000000a0000000, 0x00000000aa680000, 0x00000000e0000000)
  object space 170496K, 56% used [0x00000000a0000000,0x00000000a5d79168,0x00000000aa680000)
 Metaspace       used 85448K, capacity 88488K, committed 88536K, reserved 1126400K
  class space    used 11125K, capacity 11747K, committed 11776K, reserved 1048576K
Event: 3195.237 GC heap after
Heap after GC invocations=25 (full 4):
 PSYoungGen      total 294912K, used 33666K [0x00000000e0000000, 0x00000000f8580000, 0x0000000100000000)
  eden space 248320K, 0% used [0x00000000e0000000,0x00000000e0000000,0x00000000ef280000)
  from space 46592K, 72% used [0x00000000ef280000,0x00000000f13609c8,0x00000000f2000000)
  to   space 50176K, 0% used [0x00000000f5480000,0x00000000f5480000,0x00000000f8580000)
 ParOldGen       total 170496K, used 98402K [0x00000000a0000000, 0x00000000aa680000, 0x00000000e0000000)
  object space 170496K, 57% used [0x00000000a0000000,0x00000000a60188a8,0x00000000aa680000)
 Metaspace       used 85448K, capacity 88488K, committed 88536K, reserved 1126400K
  class space    used 11125K, capacity 11747K, committed 11776K, reserved 1048576K
}
Event: 3490.681 GC heap before
{Heap before GC invocations=26 (full 4):
 PSYoungGen      total 294912K, used 281986K [0x00000000e0000000, 0x00000000f8580000, 0x0000000100000000)
  eden space 248320K, 100% used [0x00000000e0000000,0x00000000ef280000,0x00000000ef280000)
  from space 46592K, 72% used [0x00000000ef280000,0x00000000f13609c8,0x00000000f2000000)
  to   space 50176K, 0% used [0x00000000f5480000,0x00000000f5480000,0x00000000f8580000)
 ParOldGen       total 170496K, used 98402K [0x00000000a0000000, 0x00000000aa680000, 0x00000000e0000000)
  object space 170496K, 57% used [0x00000000a0000000,0x00000000a60188a8,0x00000000aa680000)
 Metaspace       used 85713K, capacity 88822K, committed 89048K, reserved 1126400K
  class space    used 11134K, capacity 11760K, committed 11776K, reserved 1048576K
Event: 3490.719 GC heap after
Heap after GC invocations=26 (full 4):
 PSYoungGen      total 332288K, used 3328K [0x00000000e0000000, 0x00000000f7c80000, 0x0000000100000000)
  eden space 291328K, 0% used [0x00000000e0000000,0x00000000e0000000,0x00000000f1c80000)
  from space 40960K, 8% used [0x00000000f5480000,0x00000000f57c0010,0x00000000f7c80000)
  to   space 49152K, 0% used [0x00000000f1c80000,0x00000000f1c80000,0x00000000f4c80000)
 ParOldGen       total 170496K, used 100698K [0x00000000a0000000, 0x00000000aa680000, 0x00000000e0000000)
  object space 170496K, 59% used [0x00000000a0000000,0x00000000a6256950,0x00000000aa680000)
 Metaspace       used 85713K, capacity 88822K, committed 89048K, reserved 1126400K
  class space    used 11134K, capacity 11760K, committed 11776K, reserved 1048576K
}
Event: 3520.241 GC heap before
{Heap before GC invocations=27 (full 4):
 PSYoungGen      total 332288K, used 294656K [0x00000000e0000000, 0x00000000f7c80000, 0x0000000100000000)
  eden space 291328K, 100% used [0x00000000e0000000,0x00000000f1c80000,0x00000000f1c80000)
  from space 40960K, 8% used [0x00000000f5480000,0x00000000f57c0010,0x00000000f7c80000)
  to   space 49152K, 0% used [0x00000000f1c80000,0x00000000f1c80000,0x00000000f4c80000)
 ParOldGen       total 170496K, used 100698K [0x00000000a0000000, 0x00000000aa680000, 0x00000000e0000000)
  object space 170496K, 59% used [0x00000000a0000000,0x00000000a6256950,0x00000000aa680000)
 Metaspace       used 86248K, capacity 89430K, committed 89560K, reserved 1126400K
  class space    used 11144K, capacity 11776K, committed 11776K, reserved 1048576K
Event: 3520.402 GC heap after
Heap after GC invocations=27 (full 4):
 PSYoungGen      total 340480K, used 10379K [0x00000000e0000000, 0x00000000fa600000, 0x0000000100000000)
  eden space 291328K, 0% used [0x00000000e0000000,0x00000000e0000000,0x00000000f1c80000)
  from space 49152K, 21% used [0x00000000f1c80000,0x00000000f26a2d30,0x00000000f4c80000)
  to   space 47104K, 0% used [0x00000000f7800000,0x00000000f7800000,0x00000000fa600000)
 ParOldGen       total 170496K, used 100706K [0x00000000a0000000, 0x00000000aa680000, 0x00000000e0000000)
  object space 170496K, 59% used [0x00000000a0000000,0x00000000a6258950,0x00000000aa680000)
 Metaspace       used 86248K, capacity 89430K, committed 89560K, reserved 1126400K
  class space    used 11144K, capacity 11776K, committed 11776K, reserved 1048576K
}
Event: 3806.371 GC heap before
{Heap before GC invocations=28 (full 4):
 PSYoungGen      total 340480K, used 301707K [0x00000000e0000000, 0x00000000fa600000, 0x0000000100000000)
  eden space 291328K, 100% used [0x00000000e0000000,0x00000000f1c80000,0x00000000f1c80000)
  from space 49152K, 21% used [0x00000000f1c80000,0x00000000f26a2d30,0x00000000f4c80000)
  to   space 47104K, 0% used [0x00000000f7800000,0x00000000f7800000,0x00000000fa600000)
 ParOldGen       total 170496K, used 100706K [0x00000000a0000000, 0x00000000aa680000, 0x00000000e0000000)
  object space 170496K, 59% used [0x00000000a0000000,0x00000000a6258950,0x00000000aa680000)
 Metaspace       used 86406K, capacity 89540K, committed 89688K, reserved 1126400K
  class space    used 11147K, capacity 11783K, committed 11904K, reserved 1048576K
Event: 3806.421 GC heap after
Heap after GC invocations=28 (full 4):
 PSYoungGen      total 367616K, used 2624K [0x00000000e0000000, 0x00000000f9c80000, 0x0000000100000000)
  eden space 330240K, 0% used [0x00000000e0000000,0x00000000e0000000,0x00000000f4280000)
  from space 37376K, 7% used [0x00000000f7800000,0x00000000f7a90260,0x00000000f9c80000)
  to   space 46080K, 0% used [0x00000000f4280000,0x00000000f4280000,0x00000000f6f80000)
 ParOldGen       total 170496K, used 100714K [0x00000000a0000000, 0x00000000aa680000, 0x00000000e0000000)
  object space 170496K, 59% used [0x00000000a0000000,0x00000000a625a950,0x00000000aa680000)
 Metaspace       used 86406K, capacity 89540K, committed 89688K, reserved 1126400K
  class space    used 11147K, capacity 11783K, committed 11904K, reserved 1048576K
}
Event: 3823.239 GC heap before
{Heap before GC invocations=29 (full 4):
 PSYoungGen      total 367616K, used 332864K [0x00000000e0000000, 0x00000000f9c80000, 0x0000000100000000)
  eden space 330240K, 100% used [0x00000000e0000000,0x00000000f4280000,0x00000000f4280000)
  from space 37376K, 7% used [0x00000000f7800000,0x00000000f7a90260,0x00000000f9c80000)
  to   space 46080K, 0% used [0x00000000f4280000,0x00000000f4280000,0x00000000f6f80000)
 ParOldGen       total 170496K, used 100714K [0x00000000a0000000, 0x00000000aa680000, 0x00000000e0000000)
  object space 170496K, 59% used [0x00000000a0000000,0x00000000a625a950,0x00000000aa680000)
 Metaspace       used 86581K, capacity 89808K, committed 89944K, reserved 1128448K
  class space    used 11162K, capacity 11805K, committed 11904K, reserved 1048576K

